2025-04-12 10:51:51,142 - dataset_preparation - INFO - Created directory: /media/dimitris/My Book/cicddos2019/raw
2025-04-12 10:51:51,143 - dataset_preparation - INFO - Created directory: /media/dimitris/My Book/cicddos2019/processed
2025-04-12 10:51:51,143 - dataset_preparation - INFO - Created directory: /media/dimitris/My Book/cicddos2019/train
2025-04-12 10:51:51,143 - dataset_preparation - INFO - Created directory: /media/dimitris/My Book/cicddos2019/validation
2025-04-12 10:51:51,143 - dataset_preparation - INFO - Created directory: /media/dimitris/My Book/cicddos2019/test
2025-04-12 10:51:51,143 - dataset_preparation - INFO - Created directory: /media/dimitris/My Book/cicddos2019/temp
2025-04-12 10:51:51,143 - dataset_preparation - INFO - Skipping download as requested
2025-04-12 10:51:51,143 - dataset_preparation - INFO - Processing dataset files...
2025-04-12 10:51:51,144 - dataset_preparation - INFO - Found 16 CSV files to process
2025-04-12 10:51:51,144 - dataset_preparation - INFO - Processing files using 4 workers...
2025-04-12 10:52:42,238 - dataset_preparation - WARNING - File UDPLag.csv doesn't appear to be a CIC-DDoS2019 dataset file (no 'Label' column)
2025-04-12 10:53:41,463 - dataset_preparation - WARNING - File DrDoS_UDP.csv doesn't appear to be a CIC-DDoS2019 dataset file (no 'Label' column)
2025-04-12 10:53:42,248 - dataset_preparation - WARNING - File DrDoS_SSDP.csv doesn't appear to be a CIC-DDoS2019 dataset file (no 'Label' column)
2025-04-12 10:53:59,570 - dataset_preparation - WARNING - File Syn.csv doesn't appear to be a CIC-DDoS2019 dataset file (no 'Label' column)
2025-04-12 10:54:06,930 - dataset_preparation - WARNING - File DrDoS_NTP.csv doesn't appear to be a CIC-DDoS2019 dataset file (no 'Label' column)
2025-04-12 10:57:37,600 - dataset_preparation - WARNING - File DrDoS_LDAP.csv doesn't appear to be a CIC-DDoS2019 dataset file (no 'Label' column)
2025-04-12 10:57:47,727 - dataset_preparation - WARNING - File DrDoS_SNMP.csv doesn't appear to be a CIC-DDoS2019 dataset file (no 'Label' column)
2025-04-12 10:57:49,714 - dataset_preparation - WARNING - File DrDoS_NetBIOS.csv doesn't appear to be a CIC-DDoS2019 dataset file (no 'Label' column)
2025-04-12 10:58:03,014 - dataset_preparation - WARNING - File DrDoS_MSSQL.csv doesn't appear to be a CIC-DDoS2019 dataset file (no 'Label' column)
2025-04-12 10:58:25,380 - dataset_preparation - WARNING - File LDAP.csv doesn't appear to be a CIC-DDoS2019 dataset file (no 'Label' column)
2025-04-12 10:59:00,911 - dataset_preparation - WARNING - File UDP.csv doesn't appear to be a CIC-DDoS2019 dataset file (no 'Label' column)
2025-04-12 10:59:01,994 - dataset_preparation - WARNING - File DrDoS_DNS.csv doesn't appear to be a CIC-DDoS2019 dataset file (no 'Label' column)
2025-04-12 10:59:03,836 - dataset_preparation - WARNING - File Portmap.csv doesn't appear to be a CIC-DDoS2019 dataset file (no 'Label' column)
2025-04-12 10:59:12,989 - dataset_preparation - WARNING - File NetBIOS.csv doesn't appear to be a CIC-DDoS2019 dataset file (no 'Label' column)
2025-04-12 10:59:26,393 - dataset_preparation - WARNING - File MSSQL.csv doesn't appear to be a CIC-DDoS2019 dataset file (no 'Label' column)
2025-04-12 11:56:30,159 - dataset_preparation - INFO - Created directory: /media/dimitris/My Book/cicddos2019/raw
2025-04-12 11:56:30,160 - dataset_preparation - INFO - Created directory: /media/dimitris/My Book/cicddos2019/processed
2025-04-12 11:56:30,160 - dataset_preparation - INFO - Created directory: /media/dimitris/My Book/cicddos2019/train
2025-04-12 11:56:30,160 - dataset_preparation - INFO - Created directory: /media/dimitris/My Book/cicddos2019/validation
2025-04-12 11:56:30,160 - dataset_preparation - INFO - Created directory: /media/dimitris/My Book/cicddos2019/test
2025-04-12 11:56:30,160 - dataset_preparation - INFO - Created directory: /media/dimitris/My Book/cicddos2019/temp
2025-04-12 11:56:30,161 - dataset_preparation - INFO - Skipping download as requested
2025-04-12 11:56:30,161 - dataset_preparation - INFO - Processing dataset files...
2025-04-12 11:56:30,161 - dataset_preparation - INFO - Found 16 CSV files to process
2025-04-12 11:56:30,161 - dataset_preparation - INFO - Processing files using 2 workers...
